enode://0b203b86bdd53d113f9034cbc084d302ddf7d33bf9a9190b9f82f3ef5370617f77a7eca1981b7873027d2776cafaace23ac09733f607e50a4b041fe29576b8db@127.0.0.1:0?discport=30305
Note: you're using cmd/bootnode, a developer tool.
We recommend using a regular node as bootstrap node for production deployments.
INFO [05-02|13:27:04.048] New local node record                    seq=1,746,181,624,047 id=9e891f9f2b528a7a ip=<nil> udp=0 tcp=0
INFO [05-02|13:28:04.047] Discovery status                         table_size=0 pending_size=0 db_size=0
INFO [05-02|13:29:04.047] Discovery status                         table_size=0 pending_size=0 db_size=0
INFO [05-02|13:30:04.047] Discovery status                         table_size=0 pending_size=0 db_size=0
INFO [05-02|13:31:04.047] Discovery status                         table_size=0 pending_size=0 db_size=0
INFO [05-02|13:32:04.047] Discovery status                         table_size=0 pending_size=0 db_size=0
INFO [05-02|13:33:04.047] Discovery status                         table_size=0 pending_size=0 db_size=0
INFO [05-02|13:34:04.046] Discovery status                         table_size=0 pending_size=0 db_size=0
INFO [05-02|13:35:04.046] Discovery status                         table_size=0 pending_size=0 db_size=0
INFO [05-02|13:36:04.046] Discovery status                         table_size=0 pending_size=0 db_size=0
INFO [05-02|13:37:04.046] Discovery status                         table_size=0 pending_size=0 db_size=0
INFO [05-02|13:38:04.046] Discovery status                         table_size=0 pending_size=0 db_size=0
INFO [05-02|13:39:04.046] Discovery status                         table_size=0 pending_size=0 db_size=0
INFO [05-02|13:40:04.045] Discovery status                         table_size=0 pending_size=0 db_size=0
INFO [05-02|13:41:04.046] Discovery status                         table_size=0 pending_size=0 db_size=0
INFO [05-02|13:42:04.046] Discovery status                         table_size=0 pending_size=0 db_size=0
INFO [05-02|13:43:04.045] Discovery status                         table_size=0 pending_size=0 db_size=0
INFO [05-02|13:44:04.045] Discovery status                         table_size=0 pending_size=0 db_size=0
INFO [05-02|13:45:04.045] Discovery status                         table_size=0 pending_size=0 db_size=0
INFO [05-02|13:46:04.045] Discovery status                         table_size=0 pending_size=0 db_size=0
INFO [05-02|13:47:04.044] Discovery status                         table_size=0 pending_size=0 db_size=0
INFO [05-02|13:48:04.077] Discovery status                         table_size=0 pending_size=0 db_size=0
INFO [05-02|13:49:04.080] Discovery status                         table_size=0 pending_size=0 db_size=0
INFO [05-02|13:50:04.081] Discovery status                         table_size=0 pending_size=0 db_size=0
INFO [05-02|13:51:04.082] Discovery status                         table_size=0 pending_size=0 db_size=0
INFO [05-02|13:52:04.090] Discovery status                         table_size=0 pending_size=0 db_size=0
INFO [05-02|13:54:20.229] Discovery status                         table_size=0 pending_size=0 db_size=0
INFO [05-02|14:12:22.630] Discovery status                         table_size=0 pending_size=0 db_size=0
INFO [05-02|14:19:47.984] Discovery status                         table_size=0 pending_size=0 db_size=0
INFO [05-02|14:48:53.146] Discovery status                         table_size=0 pending_size=0 db_size=0
INFO [05-02|14:54:39.759] Discovery status                         table_size=0 pending_size=0 db_size=0
INFO [05-02|14:57:28.912] Discovery status                         table_size=0 pending_size=0 db_size=0
INFO [05-02|15:15:36.246] Discovery status                         table_size=0 pending_size=0 db_size=0
INFO [05-02|15:16:36.246] Discovery status                         table_size=0 pending_size=0 db_size=0
INFO [05-02|15:29:46.527] Discovery status                         table_size=0 pending_size=0 db_size=0
INFO [05-02|15:34:23.033] Discovery status                         table_size=0 pending_size=0 db_size=0
INFO [05-02|15:39:00.269] Discovery status                         table_size=0 pending_size=0 db_size=0
INFO [05-02|15:49:34.262] Discovery status                         table_size=0 pending_size=0 db_size=0
INFO [05-02|15:50:34.268] Discovery status                         table_size=0 pending_size=0 db_size=0
INFO [05-02|15:51:34.266] Discovery status                         table_size=0 pending_size=0 db_size=0
INFO [05-02|15:52:34.266] Discovery status                         table_size=0 pending_size=0 db_size=0
INFO [05-02|15:53:34.267] Discovery status                         table_size=0 pending_size=0 db_size=0
INFO [05-02|15:54:34.267] Discovery status                         table_size=0 pending_size=0 db_size=0
INFO [05-02|15:55:34.269] Discovery status                         table_size=0 pending_size=0 db_size=0
INFO [05-02|15:56:34.270] Discovery status                         table_size=0 pending_size=0 db_size=0
INFO [05-02|15:57:34.268] Discovery status                         table_size=0 pending_size=0 db_size=0
INFO [05-02|15:58:34.269] Discovery status                         table_size=0 pending_size=0 db_size=0
INFO [05-02|15:59:34.269] Discovery status                         table_size=0 pending_size=0 db_size=0
INFO [05-02|16:00:34.270] Discovery status                         table_size=0 pending_size=0 db_size=0
INFO [05-02|16:01:34.270] Discovery status                         table_size=0 pending_size=0 db_size=0
INFO [05-02|16:02:34.270] Discovery status                         table_size=0 pending_size=0 db_size=0
INFO [05-02|16:03:34.269] Discovery status                         table_size=0 pending_size=0 db_size=0
INFO [05-02|16:04:34.269] Discovery status                         table_size=0 pending_size=0 db_size=0
INFO [05-02|16:05:34.270] Discovery status                         table_size=0 pending_size=0 db_size=0
INFO [05-02|16:06:34.270] Discovery status                         table_size=0 pending_size=0 db_size=0
INFO [05-02|16:07:34.271] Discovery status                         table_size=0 pending_size=0 db_size=0
INFO [05-02|16:08:34.271] Discovery status                         table_size=0 pending_size=0 db_size=0
INFO [05-02|16:09:34.271] Discovery status                         table_size=0 pending_size=0 db_size=0
INFO [05-02|16:10:34.272] Discovery status                         table_size=0 pending_size=0 db_size=0
INFO [05-02|16:11:34.272] Discovery status                         table_size=0 pending_size=0 db_size=0
INFO [05-02|16:12:34.273] Discovery status                         table_size=0 pending_size=0 db_size=0
INFO [05-02|16:13:34.273] Discovery status                         table_size=0 pending_size=0 db_size=0
INFO [05-02|16:14:34.273] Discovery status                         table_size=0 pending_size=0 db_size=0
INFO [05-02|16:15:34.274] Discovery status                         table_size=0 pending_size=0 db_size=0
INFO [05-02|16:16:34.274] Discovery status                         table_size=0 pending_size=0 db_size=0
INFO [05-02|16:17:34.274] Discovery status                         table_size=0 pending_size=0 db_size=0
INFO [05-02|16:18:34.228] Discovery status                         table_size=0 pending_size=0 db_size=0
INFO [05-02|16:19:34.226] Discovery status                         table_size=0 pending_size=0 db_size=0
INFO [05-02|16:20:34.225] Discovery status                         table_size=0 pending_size=0 db_size=0
INFO [05-02|16:21:34.225] Discovery status                         table_size=0 pending_size=0 db_size=0
INFO [05-02|16:22:34.225] Discovery status                         table_size=0 pending_size=0 db_size=0
INFO [05-02|16:23:34.225] Discovery status                         table_size=0 pending_size=0 db_size=0
INFO [05-02|16:24:34.225] Discovery status                         table_size=0 pending_size=0 db_size=0
INFO [05-02|16:25:34.224] Discovery status                         table_size=0 pending_size=0 db_size=0
INFO [05-02|16:26:34.224] Discovery status                         table_size=0 pending_size=0 db_size=0
INFO [05-02|16:27:34.224] Discovery status                         table_size=0 pending_size=0 db_size=0
INFO [05-02|16:28:34.230] Discovery status                         table_size=0 pending_size=0 db_size=0
INFO [05-02|16:29:34.224] Discovery status                         table_size=0 pending_size=0 db_size=0
INFO [05-02|16:30:34.223] Discovery status                         table_size=0 pending_size=0 db_size=0
INFO [05-02|16:31:34.223] Discovery status                         table_size=0 pending_size=0 db_size=0
INFO [05-02|16:32:34.223] Discovery status                         table_size=0 pending_size=0 db_size=0
INFO [05-02|16:33:34.223] Discovery status                         table_size=0 pending_size=0 db_size=0
INFO [05-02|16:34:34.214] Discovery status                         table_size=0 pending_size=0 db_size=0
INFO [05-02|16:35:34.212] Discovery status                         table_size=0 pending_size=0 db_size=0
INFO [05-02|16:36:34.211] Discovery status                         table_size=0 pending_size=0 db_size=0
INFO [05-02|16:37:34.211] Discovery status                         table_size=0 pending_size=0 db_size=0
INFO [05-02|16:38:34.210] Discovery status                         table_size=0 pending_size=0 db_size=0
INFO [05-02|16:39:34.212] Discovery status                         table_size=0 pending_size=0 db_size=0
INFO [05-02|16:40:34.219] Discovery status                         table_size=0 pending_size=0 db_size=0
INFO [05-02|16:41:34.209] Discovery status                         table_size=0 pending_size=0 db_size=0
INFO [05-02|16:42:34.209] Discovery status                         table_size=0 pending_size=0 db_size=0
INFO [05-02|16:43:34.209] Discovery status                         table_size=0 pending_size=0 db_size=0
INFO [05-02|16:44:34.209] Discovery status                         table_size=0 pending_size=0 db_size=0
INFO [05-02|16:45:34.208] Discovery status                         table_size=0 pending_size=0 db_size=0
INFO [05-02|16:46:34.208] Discovery status                         table_size=0 pending_size=0 db_size=0
INFO [05-02|16:47:34.211] Discovery status                         table_size=0 pending_size=0 db_size=0
INFO [05-02|16:48:34.207] Discovery status                         table_size=0 pending_size=0 db_size=0
INFO [05-02|16:49:34.176] Discovery status                         table_size=0 pending_size=0 db_size=0
INFO [05-02|16:50:34.158] Discovery status                         table_size=0 pending_size=0 db_size=0
INFO [05-02|16:51:34.157] Discovery status                         table_size=0 pending_size=0 db_size=0
INFO [05-02|16:52:34.156] Discovery status                         table_size=0 pending_size=0 db_size=0
INFO [05-02|16:53:34.155] Discovery status                         table_size=0 pending_size=0 db_size=0
INFO [05-02|16:54:34.154] Discovery status                         table_size=0 pending_size=0 db_size=0
INFO [05-02|16:55:34.155] Discovery status                         table_size=0 pending_size=0 db_size=0
INFO [05-02|16:56:34.152] Discovery status                         table_size=0 pending_size=0 db_size=0
INFO [05-02|16:57:34.154] Discovery status                         table_size=0 pending_size=0 db_size=0
INFO [05-02|16:58:34.150] Discovery status                         table_size=0 pending_size=0 db_size=0
INFO [05-02|16:59:34.149] Discovery status                         table_size=0 pending_size=0 db_size=0
INFO [05-02|17:00:34.148] Discovery status                         table_size=0 pending_size=0 db_size=0
INFO [05-02|17:01:34.147] Discovery status                         table_size=0 pending_size=0 db_size=0
INFO [05-02|17:02:34.147] Discovery status                         table_size=0 pending_size=0 db_size=0
INFO [05-02|17:03:34.145] Discovery status                         table_size=0 pending_size=0 db_size=0
INFO [05-02|17:04:34.143] Discovery status                         table_size=0 pending_size=0 db_size=0
INFO [05-02|17:05:34.113] Discovery status                         table_size=0 pending_size=0 db_size=0
INFO [05-02|17:06:34.111] Discovery status                         table_size=0 pending_size=0 db_size=0
INFO [05-02|17:07:34.110] Discovery status                         table_size=0 pending_size=0 db_size=0
INFO [05-02|17:08:34.109] Discovery status                         table_size=0 pending_size=0 db_size=0
INFO [05-02|17:09:34.107] Discovery status                         table_size=0 pending_size=0 db_size=0
INFO [05-02|17:10:34.106] Discovery status                         table_size=0 pending_size=0 db_size=0
INFO [05-02|17:11:34.104] Discovery status                         table_size=0 pending_size=0 db_size=0
INFO [05-02|17:12:34.105] Discovery status                         table_size=0 pending_size=0 db_size=0
INFO [05-02|17:13:34.102] Discovery status                         table_size=0 pending_size=0 db_size=0
INFO [05-02|17:14:34.100] Discovery status                         table_size=0 pending_size=0 db_size=0
INFO [05-02|17:15:34.099] Discovery status                         table_size=0 pending_size=0 db_size=0
INFO [05-02|17:16:34.097] Discovery status                         table_size=0 pending_size=0 db_size=0
INFO [05-02|17:17:34.096] Discovery status                         table_size=0 pending_size=0 db_size=0
INFO [05-02|17:18:34.095] Discovery status                         table_size=0 pending_size=0 db_size=0
INFO [05-02|17:19:34.093] Discovery status                         table_size=0 pending_size=0 db_size=0
INFO [05-02|17:20:34.092] Discovery status                         table_size=0 pending_size=0 db_size=0
INFO [05-02|17:21:34.158] Discovery status                         table_size=0 pending_size=0 db_size=0
INFO [05-02|17:22:34.158] Discovery status                         table_size=0 pending_size=0 db_size=0
INFO [05-02|17:23:34.158] Discovery status                         table_size=0 pending_size=0 db_size=0
INFO [05-02|17:24:34.158] Discovery status                         table_size=0 pending_size=0 db_size=0
INFO [05-02|17:25:34.157] Discovery status                         table_size=0 pending_size=0 db_size=0
INFO [05-02|17:26:34.156] Discovery status                         table_size=0 pending_size=0 db_size=0
INFO [05-02|17:27:34.155] Discovery status                         table_size=0 pending_size=0 db_size=0
INFO [05-02|17:28:34.155] Discovery status                         table_size=0 pending_size=0 db_size=0
INFO [05-02|17:29:34.155] Discovery status                         table_size=0 pending_size=0 db_size=0
INFO [05-02|17:30:34.154] Discovery status                         table_size=0 pending_size=0 db_size=0
INFO [05-02|17:31:34.153] Discovery status                         table_size=0 pending_size=0 db_size=0
INFO [05-02|17:32:34.153] Discovery status                         table_size=0 pending_size=0 db_size=0
INFO [05-02|17:33:34.152] Discovery status                         table_size=0 pending_size=0 db_size=0
INFO [05-02|17:34:34.152] Discovery status                         table_size=0 pending_size=0 db_size=0
INFO [05-02|17:35:34.152] Discovery status                         table_size=0 pending_size=0 db_size=0
INFO [05-02|17:36:34.151] Discovery status                         table_size=0 pending_size=0 db_size=0
INFO [05-02|17:37:34.153] Discovery status                         table_size=0 pending_size=0 db_size=0
INFO [05-02|17:38:34.153] Discovery status                         table_size=0 pending_size=0 db_size=0
INFO [05-02|17:39:34.152] Discovery status                         table_size=0 pending_size=0 db_size=0
INFO [05-02|17:40:34.152] Discovery status                         table_size=0 pending_size=0 db_size=0
INFO [05-02|17:41:34.152] Discovery status                         table_size=0 pending_size=0 db_size=0
INFO [05-02|17:42:34.152] Discovery status                         table_size=0 pending_size=0 db_size=0
INFO [05-02|17:43:34.151] Discovery status                         table_size=0 pending_size=0 db_size=0
INFO [05-02|17:44:34.150] Discovery status                         table_size=0 pending_size=0 db_size=0
INFO [05-02|17:45:34.150] Discovery status                         table_size=0 pending_size=0 db_size=0
INFO [05-02|17:46:34.151] Discovery status                         table_size=0 pending_size=0 db_size=0
INFO [05-02|17:47:34.149] Discovery status                         table_size=0 pending_size=0 db_size=0
INFO [05-02|17:48:34.148] Discovery status                         table_size=0 pending_size=0 db_size=0
INFO [05-02|17:49:34.148] Discovery status                         table_size=0 pending_size=0 db_size=0
INFO [05-02|17:50:34.148] Discovery status                         table_size=0 pending_size=0 db_size=0
INFO [05-02|17:51:34.147] Discovery status                         table_size=0 pending_size=0 db_size=0
INFO [05-02|17:52:34.149] Discovery status                         table_size=0 pending_size=0 db_size=0
INFO [05-02|17:53:34.158] Discovery status                         table_size=0 pending_size=0 db_size=0
INFO [05-02|17:54:34.165] Discovery status                         table_size=0 pending_size=0 db_size=0
INFO [05-02|17:55:34.165] Discovery status                         table_size=0 pending_size=0 db_size=0
INFO [05-02|17:56:34.171] Discovery status                         table_size=0 pending_size=0 db_size=0
INFO [05-02|17:57:34.164] Discovery status                         table_size=0 pending_size=0 db_size=0
INFO [05-02|17:58:34.167] Discovery status                         table_size=0 pending_size=0 db_size=0
INFO [05-02|17:59:34.164] Discovery status                         table_size=0 pending_size=0 db_size=0
INFO [05-02|18:00:34.164] Discovery status                         table_size=0 pending_size=0 db_size=0
INFO [05-02|18:01:34.164] Discovery status                         table_size=0 pending_size=0 db_size=0
INFO [05-02|18:02:34.164] Discovery status                         table_size=0 pending_size=0 db_size=0
INFO [05-02|18:03:34.163] Discovery status                         table_size=0 pending_size=0 db_size=0
INFO [05-02|18:04:34.163] Discovery status                         table_size=0 pending_size=0 db_size=0
INFO [05-02|18:05:34.163] Discovery status                         table_size=0 pending_size=0 db_size=0
INFO [05-02|18:06:34.163] Discovery status                         table_size=0 pending_size=0 db_size=0
INFO [05-02|18:07:34.163] Discovery status                         table_size=0 pending_size=0 db_size=0
INFO [05-02|18:08:34.163] Discovery status                         table_size=0 pending_size=0 db_size=0
INFO [05-02|18:09:34.233] Discovery status                         table_size=0 pending_size=0 db_size=0
INFO [05-02|18:10:34.234] Discovery status                         table_size=0 pending_size=0 db_size=0
INFO [05-02|18:11:34.235] Discovery status                         table_size=0 pending_size=0 db_size=0
INFO [05-02|18:12:34.239] Discovery status                         table_size=0 pending_size=0 db_size=0
INFO [05-02|18:13:34.237] Discovery status                         table_size=0 pending_size=0 db_size=0
INFO [05-02|18:14:34.237] Discovery status                         table_size=0 pending_size=0 db_size=0
INFO [05-02|18:15:34.238] Discovery status                         table_size=0 pending_size=0 db_size=0
INFO [05-02|18:16:34.239] Discovery status                         table_size=0 pending_size=0 db_size=0
INFO [05-02|18:17:34.240] Discovery status                         table_size=0 pending_size=0 db_size=0
INFO [05-02|18:18:34.241] Discovery status                         table_size=0 pending_size=0 db_size=0
INFO [05-02|18:19:34.241] Discovery status                         table_size=0 pending_size=0 db_size=0
INFO [05-02|18:20:34.242] Discovery status                         table_size=0 pending_size=0 db_size=0
INFO [05-02|18:21:34.243] Discovery status                         table_size=0 pending_size=0 db_size=0
INFO [05-02|18:22:34.245] Discovery status                         table_size=0 pending_size=0 db_size=0
INFO [05-02|18:23:34.244] Discovery status                         table_size=0 pending_size=0 db_size=0
INFO [05-02|18:24:34.245] Discovery status                         table_size=0 pending_size=0 db_size=0
INFO [05-02|18:25:34.246] Discovery status                         table_size=0 pending_size=0 db_size=0
INFO [05-02|18:26:34.247] Discovery status                         table_size=0 pending_size=0 db_size=0
INFO [05-02|18:27:34.248] Discovery status                         table_size=0 pending_size=0 db_size=0
INFO [05-02|18:28:34.249] Discovery status                         table_size=0 pending_size=0 db_size=0
INFO [05-02|18:29:34.249] Discovery status                         table_size=0 pending_size=0 db_size=0
INFO [05-02|18:30:34.250] Discovery status                         table_size=0 pending_size=0 db_size=0
INFO [05-02|18:31:34.251] Discovery status                         table_size=0 pending_size=0 db_size=0
INFO [05-02|18:32:34.252] Discovery status                         table_size=0 pending_size=0 db_size=0
INFO [05-02|18:33:34.252] Discovery status                         table_size=0 pending_size=0 db_size=0
INFO [05-02|18:34:34.253] Discovery status                         table_size=0 pending_size=0 db_size=0
INFO [05-02|18:35:34.254] Discovery status                         table_size=0 pending_size=0 db_size=0
INFO [05-02|18:36:34.255] Discovery status                         table_size=0 pending_size=0 db_size=0
INFO [05-02|18:37:34.256] Discovery status                         table_size=0 pending_size=0 db_size=0
INFO [05-02|18:38:34.257] Discovery status                         table_size=0 pending_size=0 db_size=0
INFO [05-02|18:39:34.257] Discovery status                         table_size=0 pending_size=0 db_size=0
INFO [05-02|18:40:34.258] Discovery status                         table_size=0 pending_size=0 db_size=0
INFO [05-02|18:41:34.259] Discovery status                         table_size=0 pending_size=0 db_size=0
INFO [05-02|18:42:34.259] Discovery status                         table_size=0 pending_size=0 db_size=0
INFO [05-02|18:43:34.260] Discovery status                         table_size=0 pending_size=0 db_size=0
INFO [05-02|18:44:34.261] Discovery status                         table_size=0 pending_size=0 db_size=0
INFO [05-02|18:45:34.209] Discovery status                         table_size=0 pending_size=0 db_size=0
INFO [05-02|18:46:34.209] Discovery status                         table_size=0 pending_size=0 db_size=0
INFO [05-02|18:47:34.209] Discovery status                         table_size=0 pending_size=0 db_size=0
INFO [05-02|18:48:34.209] Discovery status                         table_size=0 pending_size=0 db_size=0
INFO [05-02|18:49:34.209] Discovery status                         table_size=0 pending_size=0 db_size=0
INFO [05-02|18:50:34.209] Discovery status                         table_size=0 pending_size=0 db_size=0
INFO [05-02|18:51:34.209] Discovery status                         table_size=0 pending_size=0 db_size=0
INFO [05-02|18:52:34.209] Discovery status                         table_size=0 pending_size=0 db_size=0
INFO [05-02|18:53:34.209] Discovery status                         table_size=0 pending_size=0 db_size=0
INFO [05-02|18:54:34.209] Discovery status                         table_size=0 pending_size=0 db_size=0
INFO [05-02|18:55:34.209] Discovery status                         table_size=0 pending_size=0 db_size=0
INFO [05-02|18:56:34.209] Discovery status                         table_size=0 pending_size=0 db_size=0
INFO [05-02|18:57:34.209] Discovery status                         table_size=0 pending_size=0 db_size=0
INFO [05-02|18:58:34.210] Discovery status                         table_size=0 pending_size=0 db_size=0
INFO [05-02|18:59:34.209] Discovery status                         table_size=0 pending_size=0 db_size=0
INFO [05-02|19:00:34.209] Discovery status                         table_size=0 pending_size=0 db_size=0
INFO [05-02|19:01:34.209] Discovery status                         table_size=0 pending_size=0 db_size=0
INFO [05-02|19:02:34.209] Discovery status                         table_size=0 pending_size=0 db_size=0
INFO [05-02|19:03:34.217] Discovery status                         table_size=0 pending_size=0 db_size=0
INFO [05-02|19:04:34.228] Discovery status                         table_size=0 pending_size=0 db_size=0
INFO [05-02|19:05:34.218] Discovery status                         table_size=0 pending_size=0 db_size=0
INFO [05-02|19:06:34.218] Discovery status                         table_size=0 pending_size=0 db_size=0
INFO [05-02|19:07:34.219] Discovery status                         table_size=0 pending_size=0 db_size=0
INFO [05-02|19:08:34.219] Discovery status                         table_size=0 pending_size=0 db_size=0
INFO [05-02|19:09:34.219] Discovery status                         table_size=0 pending_size=0 db_size=0
INFO [05-02|19:10:34.219] Discovery status                         table_size=0 pending_size=0 db_size=0
INFO [05-02|19:11:34.219] Discovery status                         table_size=0 pending_size=0 db_size=0
INFO [05-02|19:12:34.219] Discovery status                         table_size=0 pending_size=0 db_size=0
INFO [05-02|19:13:34.219] Discovery status                         table_size=0 pending_size=0 db_size=0
INFO [05-02|19:14:34.220] Discovery status                         table_size=0 pending_size=0 db_size=0
INFO [05-02|19:15:34.223] Discovery status                         table_size=0 pending_size=0 db_size=0
INFO [05-02|19:16:34.222] Discovery status                         table_size=0 pending_size=0 db_size=0
INFO [05-02|19:17:34.220] Discovery status                         table_size=0 pending_size=0 db_size=0
INFO [05-02|19:18:34.229] Discovery status                         table_size=0 pending_size=0 db_size=0
INFO [05-02|19:19:34.230] Discovery status                         table_size=0 pending_size=0 db_size=0
INFO [05-02|19:20:34.231] Discovery status                         table_size=0 pending_size=0 db_size=0
INFO [05-02|19:21:34.238] Discovery status                         table_size=0 pending_size=0 db_size=0
INFO [05-02|19:22:34.232] Discovery status                         table_size=0 pending_size=0 db_size=0
INFO [05-02|19:23:34.232] Discovery status                         table_size=0 pending_size=0 db_size=0
INFO [05-02|19:24:34.232] Discovery status                         table_size=0 pending_size=0 db_size=0
